SF:lib\app\conversor_de_moeda\models\price_model.dart
DA:6,2
DA:7,2
DA:8,2
DA:10,1
DA:11,1
DA:12,3
LF:6
LH:6
end_of_record
SF:lib\app\cpf\models\cpf_model.dart
DA:6,1
DA:11,1
DA:12,1
DA:13,2
DA:14,2
DA:15,1
DA:16,2
DA:17,1
DA:18,6
DA:24,1
DA:25,2
DA:26,2
DA:27,3
DA:29,1
DA:32,1
DA:36,2
DA:37,3
DA:38,1
DA:40,1
DA:43,1
DA:44,1
DA:45,1
DA:48,1
DA:51,2
DA:52,3
DA:53,1
DA:55,1
DA:58,1
DA:59,1
DA:60,3
DA:64,2
DA:67,1
DA:73,1
DA:74,2
DA:75,2
LF:35
LH:35
end_of_record
SF:lib\app\imc\models\person_model.dart
DA:5,1
DA:7,1
DA:8,1
DA:9,5
DA:15,1
DA:16,4
LF:6
LH:6
end_of_record
SF:lib\app\movies\models\movie_model.dart
DA:9,1
DA:11,1
DA:12,2
DA:13,1
DA:16,6
DA:17,1
LF:6
LH:6
end_of_record
SF:lib\app\movies\services\movie_service.dart
DA:5,0
DA:6,0
DA:9,1
DA:10,1
DA:12,2
DA:13,1
LF:6
LH:4
end_of_record
